<?xml version="1.0" encoding="UTF-8"?>
<!-- Generated by org.testng.reporters.JUnitReportReporter -->
<testsuite skipped="0" hostname="DESKTOP-JOCGLSO" name="Demo.Demo" tests="1" failures="0" timestamp="10 Mar 2022 09:31:13 GMT" time="0.010" errors="0">
  <testcase name="demo" time="0.010" classname="Demo.Demo"/>
</testsuite> <!-- Demo.Demo -->
