<?xml version="1.0" encoding="UTF-8"?>
<!-- Generated by org.testng.reporters.JUnitReportReporter -->
<testsuite skipped="0" hostname="DESKTOP-JOCGLSO" name="Demo.ReadDataArguements" tests="1" failures="0" timestamp="14 Mar 2022 10:37:06 GMT" time="0.010" errors="0">
  <testcase name="demo" time="0.010" classname="Demo.ReadDataArguements"/>
</testsuite> <!-- Demo.ReadDataArguements -->
